{
  "RSpec": {
    "coverage": {
      "/Users/noahramey/Desktop/spotify_recommendations/spec/features/list_playlists_pages_spec.rb": [
        1,
        null,
        1,
        1,
        1,
        1,
        1,
        1,
        1,
        null,
        null,
        1,
        1,
        1,
        null,
        null
      ],
      "/Users/noahramey/Desktop/spotify_recommendations/spec/rails_helper.rb": [
        null,
        1,
        1,
        null,
        1,
        1,
        1,
        1,
        null,
        null,
        null,
        null,
        null,
        null,
        null,
        null,
        null,
        null,
        null,
        null,
        null,
        null,
        null,
        null,
        null,
        null,
        null,
        1,
        null,
        1,
        null,
        1,
        null,
        null,
        null,
        null,
        1,
        null,
        null,
        null,
        null,
        null,
        null,
        null,
        null,
        null,
        null,
        null,
        null,
        null,
        null,
        1,
        null,
        null,
        1,
        null,
        null,
        1,
        null,
        null,
        1,
        1,
        1,
        1,
        null,
        null,
        null,
        1,
        1,
        1,
        1,
        null
      ],
      "/Users/noahramey/Desktop/spotify_recommendations/config/environment.rb": [
        null,
        1,
        null,
        null,
        1
      ],
      "/Users/noahramey/Desktop/spotify_recommendations/config/application.rb": [
        1,
        null,
        1,
        null,
        1,
        1,
        1,
        1,
        1,
        1,
        1,
        1,
        null,
        null,
        null,
        null,
        1,
        null,
        1,
        1,
        null,
        null,
        null,
        null,
        null
      ],
      "/Users/noahramey/Desktop/spotify_recommendations/config/boot.rb": [
        1,
        null,
        1
      ],
      "/Users/noahramey/Desktop/spotify_recommendations/config/environments/test.rb": [
        1,
        null,
        null,
        null,
        null,
        null,
        null,
        1,
        null,
        null,
        null,
        null,
        1,
        null,
        null,
        1,
        1,
        null,
        null,
        null,
        null,
        1,
        1,
        null,
        null,
        1,
        null,
        null,
        1,
        1,
        null,
        null,
        null,
        null,
        1,
        null,
        null,
        1,
        null,
        null,
        null,
        null
      ],
      "/Users/noahramey/Desktop/spotify_recommendations/config/initializers/application_controller_renderer.rb": [
        null,
        null,
        null,
        null,
        null,
        null
      ],
      "/Users/noahramey/Desktop/spotify_recommendations/config/initializers/assets.rb": [
        null,
        null,
        null,
        1,
        null,
        null,
        null,
        null,
        null,
        null,
        null
      ],
      "/Users/noahramey/Desktop/spotify_recommendations/config/initializers/backtrace_silencers.rb": [
        null,
        null,
        null,
        null,
        null,
        null,
        null
      ],
      "/Users/noahramey/Desktop/spotify_recommendations/config/initializers/cookies_serializer.rb": [
        null,
        null,
        null,
        null,
        1
      ],
      "/Users/noahramey/Desktop/spotify_recommendations/config/initializers/devise.rb": [
        null,
        null,
        1,
        null,
        null,
        null,
        null,
        null,
        null,
        null,
        null,
        null,
        null,
        null,
        1,
        null,
        null,
        null,
        null,
        null,
        null,
        null,
        null,
        null,
        null,
        null,
        1,
        null,
        null,
        null,
        null,
        null,
        null,
        null,
        null,
        null,
        null,
        null,
        null,
        null,
        null,
        null,
        null,
        null,
        null,
        null,
        null,
        null,
        1,
        null,
        null,
        null,
        null,
        1,
        null,
        null,
        null,
        null,
        null,
        null,
        null,
        null,
        null,
        null,
        null,
        null,
        null,
        null,
        null,
        null,
        null,
        null,
        null,
        null,
        null,
        null,
        null,
        null,
        null,
        null,
        null,
        null,
        null,
        null,
        1,
        null,
        null,
        null,
        null,
        null,
        null,
        null,
        null,
        null,
        null,
        null,
        null,
        null,
        null,
        null,
        null,
        null,
        null,
        null,
        null,
        null,
        null,
        1,
        null,
        null,
        null,
        null,
        null,
        null,
        null,
        null,
        null,
        null,
        null,
        null,
        null,
        null,
        null,
        null,
        null,
        null,
        null,
        null,
        null,
        null,
        null,
        null,
        null,
        null,
        null,
        1,
        null,
        null,
        null,
        null,
        null,
        null,
        null,
        null,
        null,
        1,
        null,
        null,
        null,
        null,
        null,
        null,
        null,
        null,
        null,
        null,
        1,
        null,
        null,
        null,
        null,
        1,
        null,
        null,
        null,
        null,
        null,
        null,
        null,
        null,
        null,
        null,
        null,
        null,
        null,
        null,
        null,
        null,
        null,
        null,
        null,
        null,
        null,
        null,
        null,
        null,
        null,
        null,
        null,
        null,
        null,
        null,
        null,
        null,
        null,
        null,
        null,
        null,
        null,
        null,
        null,
        null,
        1,
        null,
        null,
        null,
        null,
        null,
        null,
        null,
        null,
        null,
        null,
        null,
        null,
        null,
        null,
        null,
        null,
        null,
        null,
        null,
        null,
        null,
        null,
        null,
        null,
        null,
        null,
        null,
        null,
        null,
        null,
        null,
        null,
        null,
        null,
        null,
        null,
        null,
        null,
        null,
        null,
        null,
        1,
        null,
        null,
        null,
        null,
        null,
        null,
        null,
        null,
        null,
        null,
        null,
        null,
        null,
        null,
        null,
        null,
        null,
        null,
        null,
        null,
        null,
        null,
        null,
        null,
        null,
        null,
        null,
        null,
        null
      ],
      "/Users/noahramey/Desktop/spotify_recommendations/config/initializers/filter_parameter_logging.rb": [
        null,
        null,
        null,
        1
      ],
      "/Users/noahramey/Desktop/spotify_recommendations/config/initializers/inflections.rb": [
        null,
        null,
        null,
        null,
        null,
        null,
        null,
        null,
        null,
        null,
        null,
        null,
        null,
        null,
        null,
        null
      ],
      "/Users/noahramey/Desktop/spotify_recommendations/config/initializers/mime_types.rb": [
        null,
        null,
        null,
        null
      ],
      "/Users/noahramey/Desktop/spotify_recommendations/config/initializers/new_framework_defaults.rb": [
        null,
        null,
        null,
        null,
        null,
        null,
        null,
        1,
        null,
        null,
        1,
        null,
        null,
        null,
        1,
        null,
        null,
        1,
        null,
        null,
        1,
        null,
        null,
        1
      ],
      "/Users/noahramey/Desktop/spotify_recommendations/config/initializers/session_store.rb": [
        null,
        null,
        1
      ],
      "/Users/noahramey/Desktop/spotify_recommendations/config/initializers/wrap_parameters.rb": [
        null,
        null,
        null,
        null,
        null,
        null,
        1,
        2,
        null,
        null,
        null,
        null,
        null,
        null
      ],
      "/Users/noahramey/Desktop/spotify_recommendations/config/routes.rb": [
        1,
        1,
        1,
        null,
        1,
        1,
        null
      ],
      "/Users/noahramey/Desktop/spotify_recommendations/app/models/user.rb": [
        1,
        1,
        null,
        null,
        1,
        null,
        null
      ],
      "/Users/noahramey/Desktop/spotify_recommendations/app/models/application_record.rb": [
        1,
        1,
        null
      ],
      "/Users/noahramey/Desktop/spotify_recommendations/app/controllers/application_controller.rb": [
        1,
        1,
        null
      ],
      "/Users/noahramey/Desktop/spotify_recommendations/app/helpers/application_helper.rb": [
        1,
        null
      ],
      "/Users/noahramey/Desktop/spotify_recommendations/app/channels/application_cable/channel.rb": [
        1,
        1,
        null,
        null
      ],
      "/Users/noahramey/Desktop/spotify_recommendations/app/channels/application_cable/connection.rb": [
        1,
        1,
        null,
        null
      ],
      "/Users/noahramey/Desktop/spotify_recommendations/app/controllers/accounts_controller.rb": [
        1,
        1,
        0,
        0,
        null,
        null,
        1,
        0,
        0,
        null,
        null,
        1,
        0,
        0,
        0,
        0,
        0,
        null,
        0,
        null,
        null,
        null,
        1,
        0,
        0,
        null,
        null,
        1,
        0,
        0,
        0,
        0,
        null,
        0,
        null,
        null,
        null,
        1,
        1,
        0,
        null,
        null
      ],
      "/Users/noahramey/Desktop/spotify_recommendations/app/controllers/playlists_controller.rb": [
        1,
        1,
        3,
        2,
        2,
        2,
        null,
        0,
        null,
        null,
        1,
        1,
        null,
        null,
        null,
        1,
        1,
        1,
        null,
        null,
        1,
        0,
        0,
        0,
        0,
        null,
        null,
        1,
        0,
        0,
        0,
        0,
        null,
        0,
        0,
        null,
        null,
        null,
        1,
        1,
        0,
        null,
        null
      ],
      "/Users/noahramey/Desktop/spotify_recommendations/app/jobs/application_job.rb": [
        1,
        null
      ],
      "/Users/noahramey/Desktop/spotify_recommendations/app/mailers/application_mailer.rb": [
        1,
        1,
        1,
        null
      ],
      "/Users/noahramey/Desktop/spotify_recommendations/app/models/account.rb": [
        1,
        null,
        1,
        1,
        1,
        1,
        1,
        null,
        1,
        3,
        3,
        3,
        9,
        9,
        9,
        390,
        390,
        null,
        9,
        null,
        null,
        null
      ],
      "/Users/noahramey/Desktop/spotify_recommendations/app/models/playlist.rb": [
        1,
        1,
        1,
        1,
        1,
        null
      ],
      "/Users/noahramey/Desktop/spotify_recommendations/app/models/track.rb": [
        1,
        1,
        null
      ],
      "/Users/noahramey/Desktop/spotify_recommendations/spec/factories.rb": [
        1,
        1,
        1,
        1,
        null,
        null,
        1,
        1,
        1,
        null,
        null
      ],
      "/Users/noahramey/Desktop/spotify_recommendations/spec/features/show_playlist_pages_spec.rb": [
        1,
        null,
        1,
        1,
        1,
        1,
        1,
        1,
        1,
        1,
        null,
        null
      ],
      "/Users/noahramey/Desktop/spotify_recommendations/spec/models/account_spec.rb": [
        1,
        null,
        1,
        2,
        2,
        1,
        1,
        1,
        1,
        null,
        null
      ],
      "/Users/noahramey/Desktop/spotify_recommendations/spec/models/playlist_spec.rb": [
        1,
        null,
        1,
        2,
        2,
        null
      ],
      "/Users/noahramey/Desktop/spotify_recommendations/spec/models/track_spec.rb": [
        1,
        null,
        1,
        2,
        null
      ],
      "/Users/noahramey/Desktop/spotify_recommendations/spec/models/user_spec.rb": [
        1,
        null,
        1,
        2,
        null
      ]
    },
    "timestamp": 1474340476
  }
}
